2025-04-25 14:52:43,114 - INFO - [31m[1mWARNING: This is a development server. Do not use it in a production deployment. Use a production WSGI server instead.[0m
 * Running on http://127.0.0.1:5000
2025-04-25 14:52:43,115 - INFO - [33mPress CTRL+C to quit[0m
2025-04-25 14:52:43,116 - INFO -  * Restarting with stat
2025-04-25 14:52:43,607 - INFO - Ingen ny match än...
2025-04-25 14:52:43,895 - WARNING -  * Debugger is active!
2025-04-25 14:52:43,898 - INFO -  * Debugger PIN: 116-289-919
2025-04-25 14:52:44,511 - INFO - Ingen ny match än...
2025-04-25 14:53:13,913 - INFO - Ingen ny match än...
2025-04-25 14:53:14,865 - INFO - Ingen ny match än...
2025-04-25 14:53:44,398 - INFO - Ingen ny match än...
2025-04-25 14:53:45,172 - INFO - Ingen ny match än...
2025-04-25 14:54:14,684 - INFO - Ingen ny match än...
2025-04-25 14:54:15,442 - INFO - Ingen ny match än...
2025-04-25 14:54:33,315 - [31m[1mWARNING: This is a development server. Do not use it in a production deployment. Use a production WSGI server instead.[0m
 * Running on http://127.0.0.1:5000
2025-04-25 14:54:33,315 - [33mPress CTRL+C to quit[0m
2025-04-25 14:54:33,317 -  * Restarting with stat
2025-04-25 14:54:33,642 - Ingen ny match än...
2025-04-25 14:54:34,252 -  * Debugger is active!
2025-04-25 14:54:34,254 -  * Debugger PIN: 116-289-919
2025-04-25 14:54:34,677 - Ingen ny match än...
2025-04-25 14:55:04,480 - Ingen ny match än...
2025-04-25 14:55:04,989 - Ingen ny match än...
2025-04-25 14:55:34,786 - Ingen ny match än...
2025-04-25 14:55:35,301 - Ingen ny match än...
2025-04-25 14:56:05,106 - Ingen ny match än...
2025-04-25 14:56:05,575 - Ingen ny match än...
2025-04-25 14:56:35,376 - Ingen ny match än...
2025-04-25 14:56:35,849 - Ingen ny match än...
2025-04-25 14:57:05,823 - Ingen ny match än...
2025-04-25 14:57:06,122 - Ingen ny match än...
2025-04-25 14:57:36,132 - Ingen ny match än...
2025-04-25 14:57:36,476 - Ingen ny match än...
2025-04-25 14:58:06,504 - Ingen ny match än...
2025-04-25 14:58:06,828 - Ingen ny match än...
2025-04-25 14:58:36,778 - Ingen ny match än...
2025-04-25 14:58:37,105 - Ingen ny match än...
2025-04-25 14:59:07,177 - Ingen ny match än...
2025-04-25 14:59:07,577 - Ingen ny match än...
2025-04-25 14:59:37,479 - Ingen ny match än...
2025-04-25 14:59:37,885 - Ingen ny match än...
2025-04-25 15:00:07,796 - Ingen ny match än...
2025-04-25 15:00:08,212 - Ingen ny match än...
2025-04-25 15:00:38,286 - Ingen ny match än...
2025-04-25 15:00:38,528 - Ingen ny match än...
2025-04-25 15:01:08,818 - Ingen ny match än...
2025-04-25 15:01:08,826 - Ingen ny match än...
2025-04-25 15:01:39,132 - Ingen ny match än...
2025-04-25 15:01:39,134 - Ingen ny match än...
2025-04-25 15:02:14,978 - Ingen ny match än...
2025-04-25 15:02:15,009 - Ingen ny match än...
2025-04-25 15:02:45,289 - Ingen ny match än...
2025-04-25 15:02:45,294 - Ingen ny match än...
2025-04-25 15:03:15,670 - Ingen ny match än...
2025-04-25 15:03:15,670 - Ingen ny match än...
2025-04-25 15:03:45,996 - Ingen ny match än...
2025-04-25 15:03:45,996 - Ingen ny match än...
2025-04-25 15:04:16,300 - Ingen ny match än...
2025-04-25 15:04:16,303 - Ingen ny match än...
2025-04-25 15:04:46,644 - Ingen ny match än...
2025-04-25 15:05:17,014 - Ingen ny match än...
2025-04-25 15:05:17,017 - Ingen ny match än...
2025-04-25 15:05:47,433 - Ingen ny match än...
2025-04-25 15:05:47,434 - Ingen ny match än...
2025-04-25 15:06:17,741 - Ingen ny match än...
2025-04-25 15:06:17,749 - Ingen ny match än...
2025-04-25 15:06:48,044 - Ingen ny match än...
2025-04-25 15:06:48,106 - Ingen ny match än...
2025-04-25 15:06:48,822 -  * Detected change in 'C:\\Users\\Owner\\Desktop\\fc\\app.py', reloading
2025-04-25 15:06:48,892 -  * Restarting with stat
